<?xml version="1.0" encoding="UTF-8"?>
<!-- Generated by org.testng.reporters.JUnitReportReporter -->
<testsuite hostname="Mamatha" failures="0" tests="3" name="organizationTest.CreateOrganizationTest" time="87.653" errors="0" timestamp="2025-12-12T12:35:07 IST" skipped="0">
  <testcase classname="organizationTest.CreateOrganizationTest" name="createOrganizationWithPhoneNumberTest" time="28.112"/>
  <testcase classname="organizationTest.CreateOrganizationTest" name="createOrganizationWithIndustryTest" time="24.137"/>
  <testcase classname="organizationTest.CreateOrganizationTest" name="createOrganizationTest" time="35.404"/>
</testsuite> <!-- organizationTest.CreateOrganizationTest -->
