<?xml version="1.0" encoding="UTF-8"?>
<!-- Generated by org.testng.reporters.JUnitReportReporter -->
<testsuite hostname="Mamatha" failures="0" tests="3" name="contactTest.CreateContactTest" time="114.247" errors="0" timestamp="2025-12-12T12:35:07 IST" skipped="0">
  <testcase classname="contactTest.CreateContactTest" name="createContactWithOrgTest" time="48.734"/>
  <testcase classname="contactTest.CreateContactTest" name="createcontactWithSupportDateTest" time="22.886"/>
  <testcase classname="contactTest.CreateContactTest" name="createContactWithAttachTest" time="42.627"/>
</testsuite> <!-- contactTest.CreateContactTest -->
