<?xml version="1.0" encoding="UTF-8"?>
<!-- Generated by org.testng.reporters.JUnitXMLReporter -->
<testsuite ignored="0" hostname="Mamatha" failures="0" tests="3" name="TestRunner-chrome" time="90.002" errors="0" timestamp="2025-12-12T12:34:40 IST">
  <testcase classname="organizationTest.CreateOrganizationTest" name="createOrganizationTest" time="26.285"/>
  <testcase classname="organizationTest.CreateOrganizationTest" name="createOrganizationWithIndustryTest" time="18.334"/>
  <testcase classname="organizationTest.CreateOrganizationTest" name="createOrganizationWithPhoneNumberTest" time="18.312"/>
</testsuite> <!-- TestRunner-chrome -->
