<?xml version="1.0" encoding="UTF-8"?>
<!-- Generated by org.testng.reporters.JUnitXMLReporter -->
<testsuite ignored="0" hostname="Mamatha" failures="0" tests="3" name="TestRunner-edge" time="116.752" errors="0" timestamp="2025-12-12T12:35:06 IST">
  <testcase classname="contactTest.CreateContactTest" name="createContactWithAttachTest" time="37.0"/>
  <testcase classname="contactTest.CreateContactTest" name="createContactWithOrgTest" time="34.602"/>
  <testcase classname="contactTest.CreateContactTest" name="createcontactWithSupportDateTest" time="14.784"/>
</testsuite> <!-- TestRunner-edge -->
