<?xml version="1.0" encoding="UTF-8"?>
<!-- Generated by org.testng.reporters.JUnitXMLReporter -->
<testsuite ignored="2" hostname="Mamatha" failures="0" tests="1" name="Test" time="77.126" errors="0" timestamp="2025-12-12T11:16:45 IST">
  <testcase classname="organizationTest.CreateOrganizationTest" name="createOrganizationTest" time="67.382"/>
  <testcase classname="organizationTest.CreateOrganizationTest" name="createOrganizationWithIndustryTest" time="0.0">
    <ignored/>
  </testcase> <!-- createOrganizationWithIndustryTest -->
  <testcase classname="organizationTest.CreateOrganizationTest" name="createOrganizationWithPhoneNumberTest" time="0.0">
    <ignored/>
  </testcase> <!-- createOrganizationWithPhoneNumberTest -->
</testsuite> <!-- Test -->
