<?xml version="1.0" encoding="UTF-8"?>
<testng-results ignored="0" total="0" passed="0" failed="0" skipped="0">
  <reporter-output>
  </reporter-output>
  <suite started-at="2025-12-12T12:39:49 IST" name="Suite" finished-at="2025-12-12T12:39:49 IST" duration-ms="0">
    <groups>
      <group name="regressionTest">
        <method signature="CreateOrganizationTest.createOrganizationWithIndustryTest()[pri:0, instance:organizationTest.CreateOrganizationTest@71e9ddb4]" name="createOrganizationWithIndustryTest" class="organizationTest.CreateOrganizationTest"/>
        <method signature="CreateOrganizationTest.createOrganizationWithPhoneNumberTest()[pri:0, instance:organizationTest.CreateOrganizationTest@71e9ddb4]" name="createOrganizationWithPhoneNumberTest" class="organizationTest.CreateOrganizationTest"/>
        <method signature="CreateContactTest.createContactWithAttachTest()[pri:0, instance:contactTest.CreateContactTest@757acd7b]" name="createContactWithAttachTest" class="contactTest.CreateContactTest"/>
        <method signature="CreateContactTest.createContactWithOrgTest()[pri:0, instance:contactTest.CreateContactTest@757acd7b]" name="createContactWithOrgTest" class="contactTest.CreateContactTest"/>
      </group> <!-- regressionTest -->
      <group name="smokeTest">
        <method signature="CreateOrganizationTest.createOrganizationTest()[pri:0, instance:organizationTest.CreateOrganizationTest@71e9ddb4]" name="createOrganizationTest" class="organizationTest.CreateOrganizationTest"/>
        <method signature="CreateContactTest.createcontactWithSupportDateTest()[pri:0, instance:contactTest.CreateContactTest@757acd7b]" name="createcontactWithSupportDateTest" class="contactTest.CreateContactTest"/>
      </group> <!-- smokeTest -->
    </groups>
  </suite> <!-- Suite -->
</testng-results>
